Started GET "/" for ::1 at 2022-06-13 16:51:18 -0500
  [1m[35m (0.9ms)[0m  [1m[34mSELECT sqlite_version(*)[0m
Processing by Rails::WelcomeController#index as HTML
  Rendering /home/fidi1901/.rbenv/versions/3.1.2/lib/ruby/gems/3.1.0/gems/railties-7.0.3/lib/rails/templates/rails/welcome/index.html.erb
  Rendered /home/fidi1901/.rbenv/versions/3.1.2/lib/ruby/gems/3.1.0/gems/railties-7.0.3/lib/rails/templates/rails/welcome/index.html.erb (Duration: 1.3ms | Allocations: 644)
Completed 200 OK in 9ms (Views: 3.9ms | ActiveRecord: 0.0ms | Allocations: 5021)


Started GET "/articles" for ::1 at 2022-06-13 16:56:07 -0500
  [1m[35m (0.4ms)[0m  [1m[34mSELECT sqlite_version(*)[0m
Processing by ArticlesController#index as HTML
  Rendering layout layouts/application.html.erb
  Rendering articles/index.html.erb within layouts/application
  Rendered articles/index.html.erb within layouts/application (Duration: 0.6ms | Allocations: 343)
  Rendered layout layouts/application.html.erb (Duration: 173.8ms | Allocations: 91710)
Completed 200 OK in 178ms (Views: 175.5ms | ActiveRecord: 0.0ms | Allocations: 95026)


Started GET "/" for ::1 at 2022-06-13 16:58:43 -0500
Processing by ArticlesController#index as HTML
  Rendering layout layouts/application.html.erb
  Rendering articles/index.html.erb within layouts/application
  Rendered articles/index.html.erb within layouts/application (Duration: 0.0ms | Allocations: 26)
  Rendered layout layouts/application.html.erb (Duration: 27.2ms | Allocations: 13661)
Completed 200 OK in 28ms (Views: 28.0ms | Allocations: 14299)


Started GET "/" for ::1 at 2022-06-14 11:02:28 -0500
  [1m[35m (0.5ms)[0m  [1m[34mSELECT sqlite_version(*)[0m
Processing by ArticlesController#index as HTML
  Rendering layout layouts/application.html.erb
  Rendering articles/index.html.erb within layouts/application
  Rendered articles/index.html.erb within layouts/application (Duration: 0.7ms | Allocations: 343)
  Rendered layout layouts/application.html.erb (Duration: 54.3ms | Allocations: 35413)
Completed 200 OK in 61ms (Views: 56.9ms | ActiveRecord: 0.0ms | Allocations: 38729)


Started GET "/" for ::1 at 2022-06-14 11:05:16 -0500
  [1m[35m (0.5ms)[0m  [1m[34mSELECT sqlite_version(*)[0m
Processing by ArticlesController#index as HTML
  Rendering layout layouts/application.html.erb
  Rendering articles/index.html.erb within layouts/application
  Rendered articles/index.html.erb within layouts/application (Duration: 1.0ms | Allocations: 343)
  Rendered layout layouts/application.html.erb (Duration: 58.0ms | Allocations: 35367)
Completed 200 OK in 65ms (Views: 60.4ms | ActiveRecord: 0.0ms | Allocations: 38683)


  [1m[35m (0.3ms)[0m  [1m[34mSELECT sqlite_version(*)[0m
  [1m[35m (16.8ms)[0m  [1m[35mCREATE TABLE "schema_migrations" ("version" varchar NOT NULL PRIMARY KEY)[0m
  [1m[35m (15.4ms)[0m  [1m[35mCREATE TABLE "ar_internal_metadata" ("key" varchar NOT NULL PRIMARY KEY, "value" varchar, "created_at" datetime(6) NOT NULL, "updated_at" datetime(6) NOT NULL)[0m
  [1m[36mActiveRecord::SchemaMigration Pluck (0.1ms)[0m  [1m[34mSELECT "schema_migrations"."version" FROM "schema_migrations" ORDER BY "schema_migrations"."version" ASC[0m
Migrating to CreateArticles (20220614172505)
  [1m[36mTRANSACTION (0.0ms)[0m  [1m[36mbegin transaction[0m
  [1m[35m (0.2ms)[0m  [1m[35mCREATE TABLE "articles" ("id" integer PRIMARY KEY AUTOINCREMENT NOT NULL, "title" varchar, "body" text, "created_at" datetime(6) NOT NULL, "updated_at" datetime(6) NOT NULL)[0m
  [1m[36mActiveRecord::SchemaMigration Create (0.1ms)[0m  [1m[32mINSERT INTO "schema_migrations" ("version") VALUES (?)[0m  [["version", "20220614172505"]]
  [1m[36mTRANSACTION (16.4ms)[0m  [1m[36mcommit transaction[0m
  [1m[36mActiveRecord::InternalMetadata Load (0.1ms)[0m  [1m[34mSELECT "ar_internal_metadata".* FROM "ar_internal_metadata" WHERE "ar_internal_metadata"."key" = ? LIMIT ?[0m  [["key", "environment"], ["LIMIT", 1]]
  [1m[36mTRANSACTION (0.0ms)[0m  [1m[36mbegin transaction[0m
  [1m[36mActiveRecord::InternalMetadata Create (0.1ms)[0m  [1m[32mINSERT INTO "ar_internal_metadata" ("key", "value", "created_at", "updated_at") VALUES (?, ?, ?, ?)[0m  [["key", "environment"], ["value", "development"], ["created_at", "2022-06-14 17:46:03.182887"], ["updated_at", "2022-06-14 17:46:03.182887"]]
  [1m[36mTRANSACTION (12.9ms)[0m  [1m[36mcommit transaction[0m
  [1m[35m (0.0ms)[0m  [1m[34mSELECT sqlite_version(*)[0m
  [1m[36mActiveRecord::SchemaMigration Pluck (0.1ms)[0m  [1m[34mSELECT "schema_migrations"."version" FROM "schema_migrations" ORDER BY "schema_migrations"."version" ASC[0m
  [1m[35m (0.3ms)[0m  [1m[34mSELECT sqlite_version(*)[0m
  [1m[36mTRANSACTION (0.0ms)[0m  [1m[36mbegin transaction[0m
  [1m[36mArticle Create (0.2ms)[0m  [1m[32mINSERT INTO "articles" ("title", "body", "created_at", "updated_at") VALUES (?, ?, ?, ?)[0m  [["title", "Hello Rails"], ["body", "I am on Rails!"], ["created_at", "2022-06-14 17:47:41.821063"], ["updated_at", "2022-06-14 17:47:41.821063"]]
  [1m[36mTRANSACTION (12.2ms)[0m  [1m[36mcommit transaction[0m
  [1m[36mArticle Load (0.1ms)[0m  [1m[34mSELECT "articles".* FROM "articles" WHERE "articles"."id" = ? LIMIT ?[0m  [["id", 1], ["LIMIT", 1]]
  [1m[36mArticle Load (0.1ms)[0m  [1m[34mSELECT "articles".* FROM "articles"[0m
Started GET "/" for ::1 at 2022-06-14 13:08:00 -0500
  [1m[35m (0.3ms)[0m  [1m[34mSELECT sqlite_version(*)[0m
  [1m[36mActiveRecord::SchemaMigration Pluck (0.1ms)[0m  [1m[34mSELECT "schema_migrations"."version" FROM "schema_migrations" ORDER BY "schema_migrations"."version" ASC[0m
Processing by ArticlesController#index as HTML
  Rendering layout layouts/application.html.erb
  Rendering articles/index.html.erb within layouts/application
  Rendered articles/index.html.erb within layouts/application (Duration: 4.0ms | Allocations: 3123)
  Rendered layout layouts/application.html.erb (Duration: 4.3ms | Allocations: 3238)
Completed 500 Internal Server Error in 10ms (ActiveRecord: 0.0ms | Allocations: 6490)


  
ActionView::Template::Error (undefined method `each' for nil:NilClass

'.freeze;   @articles.each do |article| 
                     ^^^^^):
    1: <h1>Articles</h1>
    2: 
    3: <ul>
    4:   <% @articles.each do |article| %>
    5:     <li>
    6:       <%= article.title %>
    7:     </li>
  
app/views/articles/index.html.erb:4
Started GET "/" for ::1 at 2022-06-14 13:08:24 -0500
  [1m[35m (0.3ms)[0m  [1m[34mSELECT sqlite_version(*)[0m
  [1m[36mActiveRecord::SchemaMigration Pluck (0.1ms)[0m  [1m[34mSELECT "schema_migrations"."version" FROM "schema_migrations" ORDER BY "schema_migrations"."version" ASC[0m
Processing by ArticlesController#index as HTML
  Rendering layout layouts/application.html.erb
  Rendering articles/index.html.erb within layouts/application
  [1m[36mArticle Load (0.1ms)[0m  [1m[34mSELECT "articles".* FROM "articles"[0m
  ↳ app/views/articles/index.html.erb:4
  Rendered articles/index.html.erb within layouts/application (Duration: 4.7ms | Allocations: 4756)
  Rendered layout layouts/application.html.erb (Duration: 54.5ms | Allocations: 39626)
Completed 200 OK in 60ms (Views: 55.9ms | ActiveRecord: 0.4ms | Allocations: 43669)


Started GET "/" for ::1 at 2022-06-14 13:10:58 -0500
Processing by ArticlesController#index as HTML
  Rendering layout layouts/application.html.erb
  Rendering articles/index.html.erb within layouts/application
  [1m[36mArticle Load (0.1ms)[0m  [1m[34mSELECT "articles".* FROM "articles"[0m
  ↳ app/views/articles/index.html.erb:4
  Rendered articles/index.html.erb within layouts/application (Duration: 1.0ms | Allocations: 898)
  Rendered layout layouts/application.html.erb (Duration: 3.1ms | Allocations: 3724)
Completed 200 OK in 4ms (Views: 3.9ms | ActiveRecord: 0.1ms | Allocations: 4624)


Started GET "/" for ::1 at 2022-06-14 13:11:08 -0500
Processing by ArticlesController#index as HTML
  Rendering layout layouts/application.html.erb
  Rendering articles/index.html.erb within layouts/application
  [1m[36mArticle Load (0.1ms)[0m  [1m[34mSELECT "articles".* FROM "articles"[0m
  ↳ app/views/articles/index.html.erb:4
  Rendered articles/index.html.erb within layouts/application (Duration: 0.9ms | Allocations: 873)
  Rendered layout layouts/application.html.erb (Duration: 3.1ms | Allocations: 3699)
Completed 200 OK in 4ms (Views: 4.0ms | ActiveRecord: 0.1ms | Allocations: 4565)


Started GET "/articles/new" for ::1 at 2022-06-15 11:13:25 -0500
  [1m[35m (0.5ms)[0m  [1m[34mSELECT sqlite_version(*)[0m
  [1m[36mActiveRecord::SchemaMigration Pluck (0.2ms)[0m  [1m[34mSELECT "schema_migrations"."version" FROM "schema_migrations" ORDER BY "schema_migrations"."version" ASC[0m
  
SyntaxError (/home/fidi1901/blog/app/controllers/articles_controller.rb:10: syntax error, unexpected `end', expecting end-of-input
  end
  ^~~
):
  
app/controllers/articles_controller.rb:10: syntax error, unexpected `end', expecting end-of-input
app/controllers/articles_controller.rb:10: syntax error, unexpected `end', expecting end-of-input
app/controllers/articles_controller.rb:10: syntax error, unexpected `end', expecting end-of-input
Started GET "/articles/new" for ::1 at 2022-06-15 11:21:22 -0500
  [1m[35m (0.3ms)[0m  [1m[34mSELECT sqlite_version(*)[0m
  [1m[36mActiveRecord::SchemaMigration Pluck (0.1ms)[0m  [1m[34mSELECT "schema_migrations"."version" FROM "schema_migrations" ORDER BY "schema_migrations"."version" ASC[0m
  
SyntaxError (/home/fidi1901/blog/app/controllers/articles_controller.rb:10: syntax error, unexpected `end', expecting end-of-input
  end
  ^~~
):
  
app/controllers/articles_controller.rb:10: syntax error, unexpected `end', expecting end-of-input
app/controllers/articles_controller.rb:10: syntax error, unexpected `end', expecting end-of-input
app/controllers/articles_controller.rb:10: syntax error, unexpected `end', expecting end-of-input
Started GET "/articles/new" for ::1 at 2022-06-15 11:21:42 -0500
  
SyntaxError (/home/fidi1901/blog/app/controllers/articles_controller.rb:24: syntax error, unexpected `end', expecting end-of-input):
  
app/controllers/articles_controller.rb:24: syntax error, unexpected `end', expecting end-of-input
app/controllers/articles_controller.rb:24: syntax error, unexpected `end', expecting end-of-input
app/controllers/articles_controller.rb:24: syntax error, unexpected `end', expecting end-of-input
Started GET "/articles/new" for ::1 at 2022-06-15 11:21:54 -0500
  
SyntaxError (/home/fidi1901/blog/app/controllers/articles_controller.rb:10: syntax error, unexpected `end', expecting end-of-input
  end
  ^~~
):
  
app/controllers/articles_controller.rb:10: syntax error, unexpected `end', expecting end-of-input
app/controllers/articles_controller.rb:10: syntax error, unexpected `end', expecting end-of-input
app/controllers/articles_controller.rb:10: syntax error, unexpected `end', expecting end-of-input
Started GET "/articles/new" for ::1 at 2022-06-15 11:22:37 -0500
Processing by ArticlesController#new as HTML
  [1m[35m (0.0ms)[0m  [1m[34mSELECT sqlite_version(*)[0m
  ↳ app/controllers/articles_controller.rb:10:in `new'
  Rendering layout layouts/application.html.erb
  Rendering articles/new.html.erb within layouts/application
  Rendered articles/new.html.erb within layouts/application (Duration: 12.0ms | Allocations: 4961)
  Rendered layout layouts/application.html.erb (Duration: 76.3ms | Allocations: 39614)
Completed 200 OK in 87ms (Views: 77.3ms | ActiveRecord: 0.6ms | Allocations: 46956)


Started GET "/articles/" for ::1 at 2022-06-15 11:23:04 -0500
Processing by ArticlesController#index as HTML
  Rendering layout layouts/application.html.erb
  Rendering articles/index.html.erb within layouts/application
  [1m[36mArticle Load (0.5ms)[0m  [1m[34mSELECT "articles".* FROM "articles"[0m
  ↳ app/views/articles/index.html.erb:4
  Rendered articles/index.html.erb within layouts/application (Duration: 1.9ms | Allocations: 1098)
  Rendered layout layouts/application.html.erb (Duration: 3.9ms | Allocations: 3489)
Completed 200 OK in 5ms (Views: 3.8ms | ActiveRecord: 0.5ms | Allocations: 3951)


Started GET "/articles/1" for ::1 at 2022-06-15 11:23:07 -0500
Processing by ArticlesController#show as HTML
  Parameters: {"id"=>"1"}
  [1m[36mArticle Load (0.2ms)[0m  [1m[34mSELECT "articles".* FROM "articles" WHERE "articles"."id" = ? LIMIT ?[0m  [["id", 1], ["LIMIT", 1]]
  ↳ app/controllers/articles_controller.rb:6:in `show'
  Rendering layout layouts/application.html.erb
  Rendering articles/show.html.erb within layouts/application
  Rendered articles/show.html.erb within layouts/application (Duration: 0.7ms | Allocations: 185)
  Rendered layout layouts/application.html.erb (Duration: 3.0ms | Allocations: 2731)
Completed 200 OK in 6ms (Views: 3.4ms | ActiveRecord: 0.2ms | Allocations: 5496)


Started GET "/articles/new" for ::1 at 2022-06-15 11:23:10 -0500
Processing by ArticlesController#new as HTML
  Rendering layout layouts/application.html.erb
  Rendering articles/new.html.erb within layouts/application
  Rendered articles/new.html.erb within layouts/application (Duration: 1.0ms | Allocations: 1040)
  Rendered layout layouts/application.html.erb (Duration: 2.6ms | Allocations: 3246)
Completed 200 OK in 3ms (Views: 3.0ms | ActiveRecord: 0.0ms | Allocations: 3544)


Started GET "/articles/1/edit" for ::1 at 2022-06-15 11:31:23 -0500
Processing by ArticlesController#edit as HTML
  Parameters: {"id"=>"1"}
  [1m[35m (0.1ms)[0m  [1m[34mSELECT sqlite_version(*)[0m
  ↳ app/controllers/articles_controller.rb:23:in `edit'
  [1m[36mArticle Load (0.1ms)[0m  [1m[34mSELECT "articles".* FROM "articles" WHERE "articles"."id" = ? LIMIT ?[0m  [["id", 1], ["LIMIT", 1]]
  ↳ app/controllers/articles_controller.rb:23:in `edit'
  Rendering layout layouts/application.html.erb
  Rendering articles/edit.html.erb within layouts/application
  Rendered articles/_form.html.erb (Duration: 2.0ms | Allocations: 1656)
  Rendered articles/edit.html.erb within layouts/application (Duration: 2.6ms | Allocations: 1952)
  Rendered layout layouts/application.html.erb (Duration: 15.6ms | Allocations: 15576)
Completed 200 OK in 21ms (Views: 17.1ms | ActiveRecord: 0.3ms | Allocations: 20225)


Started GET "/articles/" for ::1 at 2022-06-15 11:31:34 -0500
Processing by ArticlesController#index as HTML
  Rendering layout layouts/application.html.erb
  Rendering articles/index.html.erb within layouts/application
  [1m[36mArticle Load (0.1ms)[0m  [1m[34mSELECT "articles".* FROM "articles"[0m
  ↳ app/views/articles/index.html.erb:4
  Rendered articles/index.html.erb within layouts/application (Duration: 1.6ms | Allocations: 970)
  Rendered layout layouts/application.html.erb (Duration: 3.5ms | Allocations: 3345)
Completed 200 OK in 4ms (Views: 3.8ms | ActiveRecord: 0.1ms | Allocations: 3700)


Started GET "/articles/1" for ::1 at 2022-06-15 11:31:38 -0500
Processing by ArticlesController#show as HTML
  Parameters: {"id"=>"1"}
  [1m[36mArticle Load (0.1ms)[0m  [1m[34mSELECT "articles".* FROM "articles" WHERE "articles"."id" = ? LIMIT ?[0m  [["id", 1], ["LIMIT", 1]]
  ↳ app/controllers/articles_controller.rb:6:in `show'
  Rendering layout layouts/application.html.erb
  Rendering articles/show.html.erb within layouts/application
  Rendered articles/show.html.erb within layouts/application (Duration: 0.4ms | Allocations: 215)
  Rendered layout layouts/application.html.erb (Duration: 2.2ms | Allocations: 2567)
Completed 200 OK in 4ms (Views: 2.6ms | ActiveRecord: 0.1ms | Allocations: 3397)


Started GET "/articles/1/edit" for ::1 at 2022-06-15 11:31:40 -0500
Processing by ArticlesController#edit as HTML
  Parameters: {"id"=>"1"}
  [1m[36mArticle Load (0.1ms)[0m  [1m[34mSELECT "articles".* FROM "articles" WHERE "articles"."id" = ? LIMIT ?[0m  [["id", 1], ["LIMIT", 1]]
  ↳ app/controllers/articles_controller.rb:23:in `edit'
  Rendering layout layouts/application.html.erb
  Rendering articles/edit.html.erb within layouts/application
  Rendered articles/_form.html.erb (Duration: 1.0ms | Allocations: 1036)
  Rendered articles/edit.html.erb within layouts/application (Duration: 1.2ms | Allocations: 1117)
  Rendered layout layouts/application.html.erb (Duration: 2.9ms | Allocations: 3314)
Completed 200 OK in 4ms (Views: 3.5ms | ActiveRecord: 0.1ms | Allocations: 4075)


Started GET "/articles/1" for ::1 at 2022-06-15 11:31:45 -0500
Processing by ArticlesController#show as HTML
  Parameters: {"id"=>"1"}
  [1m[36mArticle Load (0.1ms)[0m  [1m[34mSELECT "articles".* FROM "articles" WHERE "articles"."id" = ? LIMIT ?[0m  [["id", 1], ["LIMIT", 1]]
  ↳ app/controllers/articles_controller.rb:6:in `show'
  Rendering layout layouts/application.html.erb
  Rendering articles/show.html.erb within layouts/application
  Rendered articles/show.html.erb within layouts/application (Duration: 0.1ms | Allocations: 61)
  Rendered layout layouts/application.html.erb (Duration: 2.3ms | Allocations: 2419)
Completed 200 OK in 4ms (Views: 2.8ms | ActiveRecord: 0.1ms | Allocations: 3174)


Started GET "/articles/" for ::1 at 2022-06-15 11:34:25 -0500
Processing by ArticlesController#index as HTML
  Rendering layout layouts/application.html.erb
  Rendering articles/index.html.erb within layouts/application
  [1m[35m (0.0ms)[0m  [1m[34mSELECT sqlite_version(*)[0m
  ↳ app/views/articles/index.html.erb:4
  [1m[36mArticle Load (0.1ms)[0m  [1m[34mSELECT "articles".* FROM "articles"[0m
  ↳ app/views/articles/index.html.erb:4
  Rendered articles/index.html.erb within layouts/application (Duration: 3.8ms | Allocations: 3187)
  Rendered layout layouts/application.html.erb (Duration: 11.8ms | Allocations: 17028)
Completed 200 OK in 14ms (Views: 12.8ms | ActiveRecord: 0.5ms | Allocations: 18817)


Started GET "/articles/1" for ::1 at 2022-06-15 11:34:26 -0500
Processing by ArticlesController#show as HTML
  Parameters: {"id"=>"1"}
  [1m[36mArticle Load (0.1ms)[0m  [1m[34mSELECT "articles".* FROM "articles" WHERE "articles"."id" = ? LIMIT ?[0m  [["id", 1], ["LIMIT", 1]]
  ↳ app/controllers/articles_controller.rb:6:in `show'
  Rendering layout layouts/application.html.erb
  Rendering articles/show.html.erb within layouts/application
  Rendered articles/show.html.erb within layouts/application (Duration: 0.6ms | Allocations: 299)
  Rendered layout layouts/application.html.erb (Duration: 2.6ms | Allocations: 2645)
Completed 200 OK in 4ms (Views: 3.0ms | ActiveRecord: 0.1ms | Allocations: 4125)


Started GET "/articles/new" for ::1 at 2022-06-15 11:34:30 -0500
Processing by ArticlesController#new as HTML
  Rendering layout layouts/application.html.erb
  Rendering articles/new.html.erb within layouts/application
  Rendered articles/_form.html.erb (Duration: 1.6ms | Allocations: 1413)
  Rendered articles/new.html.erb within layouts/application (Duration: 3.0ms | Allocations: 2679)
  Rendered layout layouts/application.html.erb (Duration: 5.2ms | Allocations: 4884)
Completed 200 OK in 6ms (Views: 5.6ms | ActiveRecord: 0.0ms | Allocations: 5233)


Started GET "/articles/new" for ::1 at 2022-06-15 11:34:33 -0500
Processing by ArticlesController#new as HTML
  Rendering layout layouts/application.html.erb
  Rendering articles/new.html.erb within layouts/application
  Rendered articles/_form.html.erb (Duration: 1.1ms | Allocations: 979)
  Rendered articles/new.html.erb within layouts/application (Duration: 1.9ms | Allocations: 1847)
  Rendered layout layouts/application.html.erb (Duration: 3.7ms | Allocations: 4055)
Completed 200 OK in 4ms (Views: 4.1ms | ActiveRecord: 0.0ms | Allocations: 4338)


Started GET "/articles/new" for ::1 at 2022-06-15 11:34:49 -0500
Processing by ArticlesController#new as HTML
  Rendering layout layouts/application.html.erb
  Rendering articles/new.html.erb within layouts/application
  Rendered articles/_form.html.erb (Duration: 1.0ms | Allocations: 961)
  Rendered articles/new.html.erb within layouts/application (Duration: 6.3ms | Allocations: 1829)
  Rendered layout layouts/application.html.erb (Duration: 8.2ms | Allocations: 4049)
Completed 200 OK in 9ms (Views: 8.6ms | ActiveRecord: 0.0ms | Allocations: 4333)


Started GET "/articles/new" for ::1 at 2022-06-15 11:35:52 -0500
Processing by ArticlesController#new as HTML
  Rendering layout layouts/application.html.erb
  Rendering articles/new.html.erb within layouts/application
  Rendered articles/_form.html.erb (Duration: 1.5ms | Allocations: 1510)
  Rendered articles/new.html.erb within layouts/application (Duration: 2.0ms | Allocations: 1807)
  Rendered layout layouts/application.html.erb (Duration: 4.1ms | Allocations: 4399)
Completed 200 OK in 6ms (Views: 5.1ms | ActiveRecord: 0.0ms | Allocations: 5239)


Started GET "/articles/" for ::1 at 2022-06-15 11:35:59 -0500
Processing by ArticlesController#index as HTML
  Rendering layout layouts/application.html.erb
  Rendering articles/index.html.erb within layouts/application
  [1m[36mArticle Load (0.1ms)[0m  [1m[34mSELECT "articles".* FROM "articles"[0m
  ↳ app/views/articles/index.html.erb:4
  Rendered articles/index.html.erb within layouts/application (Duration: 1.4ms | Allocations: 928)
  Rendered layout layouts/application.html.erb (Duration: 3.3ms | Allocations: 3293)
Completed 200 OK in 4ms (Views: 3.6ms | ActiveRecord: 0.1ms | Allocations: 3647)


Started GET "/articles/new" for ::1 at 2022-06-15 11:36:00 -0500
Processing by ArticlesController#new as HTML
  Rendering layout layouts/application.html.erb
  Rendering articles/new.html.erb within layouts/application
  Rendered articles/_form.html.erb (Duration: 1.0ms | Allocations: 973)
  Rendered articles/new.html.erb within layouts/application (Duration: 1.2ms | Allocations: 1054)
  Rendered layout layouts/application.html.erb (Duration: 3.0ms | Allocations: 3262)
Completed 200 OK in 4ms (Views: 3.3ms | ActiveRecord: 0.0ms | Allocations: 3551)


  [1m[35m (0.3ms)[0m  [1m[34mSELECT sqlite_version(*)[0m
  [1m[36mActiveRecord::SchemaMigration Pluck (0.1ms)[0m  [1m[34mSELECT "schema_migrations"."version" FROM "schema_migrations" ORDER BY "schema_migrations"."version" ASC[0m
Migrating to CreateComments (20220615172332)
  [1m[36mTRANSACTION (0.0ms)[0m  [1m[36mbegin transaction[0m
  [1m[35m (0.4ms)[0m  [1m[35mCREATE TABLE "comments" ("id" integer PRIMARY KEY AUTOINCREMENT NOT NULL, "commenter" varchar, "body" text, "article_id" integer NOT NULL, "created_at" datetime(6) NOT NULL, "updated_at" datetime(6) NOT NULL, CONSTRAINT "fk_rails_3bf61a60d3"
FOREIGN KEY ("article_id")
  REFERENCES "articles" ("id")
)[0m
  [1m[35m (0.1ms)[0m  [1m[35mCREATE INDEX "index_comments_on_article_id" ON "comments" ("article_id")[0m
  [1m[36mActiveRecord::SchemaMigration Create (0.1ms)[0m  [1m[32mINSERT INTO "schema_migrations" ("version") VALUES (?)[0m  [["version", "20220615172332"]]
  [1m[36mTRANSACTION (15.9ms)[0m  [1m[36mcommit transaction[0m
  [1m[36mActiveRecord::InternalMetadata Load (0.2ms)[0m  [1m[34mSELECT "ar_internal_metadata".* FROM "ar_internal_metadata" WHERE "ar_internal_metadata"."key" = ? LIMIT ?[0m  [["key", "environment"], ["LIMIT", 1]]
  [1m[35m (0.0ms)[0m  [1m[34mSELECT sqlite_version(*)[0m
  [1m[36mActiveRecord::SchemaMigration Pluck (0.1ms)[0m  [1m[34mSELECT "schema_migrations"."version" FROM "schema_migrations" ORDER BY "schema_migrations"."version" ASC[0m
Started GET "/articles/" for ::1 at 2022-06-15 13:05:32 -0500
  [1m[35m (0.3ms)[0m  [1m[34mSELECT sqlite_version(*)[0m
  [1m[36mActiveRecord::SchemaMigration Pluck (0.1ms)[0m  [1m[34mSELECT "schema_migrations"."version" FROM "schema_migrations" ORDER BY "schema_migrations"."version" ASC[0m
Processing by ArticlesController#index as HTML
  Rendering layout layouts/application.html.erb
  Rendering articles/index.html.erb within layouts/application
  [1m[36mArticle Load (0.2ms)[0m  [1m[34mSELECT "articles".* FROM "articles"[0m
  ↳ app/views/articles/index.html.erb:4
  Rendered articles/index.html.erb within layouts/application (Duration: 5.6ms | Allocations: 4552)
  Rendered layout layouts/application.html.erb (Duration: 63.8ms | Allocations: 39631)
Completed 200 OK in 74ms (Views: 65.0ms | ActiveRecord: 0.5ms | Allocations: 45229)


Started GET "/articles/1" for ::1 at 2022-06-15 13:05:35 -0500
Processing by ArticlesController#show as HTML
  Parameters: {"id"=>"1"}
  [1m[36mArticle Load (0.2ms)[0m  [1m[34mSELECT "articles".* FROM "articles" WHERE "articles"."id" = ? LIMIT ?[0m  [["id", 1], ["LIMIT", 1]]
  ↳ app/controllers/articles_controller.rb:6:in `show'
  Rendering layout layouts/application.html.erb
  Rendering articles/show.html.erb within layouts/application
  [1m[36mComment Load (0.1ms)[0m  [1m[34mSELECT "comments".* FROM "comments" WHERE "comments"."article_id" = ?[0m  [["article_id", 1]]
  ↳ app/views/articles/show.html.erb:14
  Rendered articles/show.html.erb within layouts/application (Duration: 28.3ms | Allocations: 14226)
  Rendered layout layouts/application.html.erb (Duration: 30.2ms | Allocations: 16544)
Completed 200 OK in 33ms (Views: 30.2ms | ActiveRecord: 0.7ms | Allocations: 19346)


Started GET "/articles/new" for ::1 at 2022-06-15 13:05:48 -0500
Processing by ArticlesController#new as HTML
  Rendering layout layouts/application.html.erb
  Rendering articles/new.html.erb within layouts/application
  Rendered articles/_form.html.erb (Duration: 1.4ms | Allocations: 1412)
  Rendered articles/new.html.erb within layouts/application (Duration: 2.1ms | Allocations: 1721)
  Rendered layout layouts/application.html.erb (Duration: 4.1ms | Allocations: 3929)
Completed 200 OK in 5ms (Views: 4.5ms | ActiveRecord: 0.0ms | Allocations: 4358)


Started GET "/articles/1" for ::1 at 2022-06-15 13:05:50 -0500
Processing by ArticlesController#show as HTML
  Parameters: {"id"=>"1"}
  [1m[36mArticle Load (0.1ms)[0m  [1m[34mSELECT "articles".* FROM "articles" WHERE "articles"."id" = ? LIMIT ?[0m  [["id", 1], ["LIMIT", 1]]
  ↳ app/controllers/articles_controller.rb:6:in `show'
  Rendering layout layouts/application.html.erb
  Rendering articles/show.html.erb within layouts/application
  [1m[36mComment Load (0.1ms)[0m  [1m[34mSELECT "comments".* FROM "comments" WHERE "comments"."article_id" = ?[0m  [["article_id", 1]]
  ↳ app/views/articles/show.html.erb:14
  Rendered articles/show.html.erb within layouts/application (Duration: 2.3ms | Allocations: 1887)
  Rendered layout layouts/application.html.erb (Duration: 4.0ms | Allocations: 4085)
Completed 200 OK in 5ms (Views: 4.4ms | ActiveRecord: 0.2ms | Allocations: 4905)


Started GET "/articles/" for ::1 at 2022-06-15 13:06:01 -0500
Processing by ArticlesController#index as HTML
  Rendering layout layouts/application.html.erb
  Rendering articles/index.html.erb within layouts/application
  [1m[36mArticle Load (0.1ms)[0m  [1m[34mSELECT "articles".* FROM "articles"[0m
  ↳ app/views/articles/index.html.erb:4
  Rendered articles/index.html.erb within layouts/application (Duration: 1.1ms | Allocations: 681)
  Rendered layout layouts/application.html.erb (Duration: 3.2ms | Allocations: 3057)
Completed 200 OK in 4ms (Views: 3.5ms | ActiveRecord: 0.1ms | Allocations: 3344)


  [1m[35m (0.3ms)[0m  [1m[34mSELECT sqlite_version(*)[0m
  [1m[36mActiveRecord::SchemaMigration Pluck (0.1ms)[0m  [1m[34mSELECT "schema_migrations"."version" FROM "schema_migrations" ORDER BY "schema_migrations"."version" ASC[0m
Migrating to AddStatusToArticles (20220615203808)
  [1m[36mTRANSACTION (0.0ms)[0m  [1m[36mbegin transaction[0m
  [1m[35m (0.5ms)[0m  [1m[35mALTER TABLE "articles" ADD "status" varchar[0m
  [1m[36mActiveRecord::SchemaMigration Create (0.2ms)[0m  [1m[32mINSERT INTO "schema_migrations" ("version") VALUES (?)[0m  [["version", "20220615203808"]]
  [1m[36mTRANSACTION (12.4ms)[0m  [1m[36mcommit transaction[0m
Migrating to AddStatusToComments (20220615203828)
  [1m[36mTRANSACTION (0.0ms)[0m  [1m[36mbegin transaction[0m
  [1m[35m (0.2ms)[0m  [1m[35mALTER TABLE "comments" ADD "status" varchar[0m
  [1m[36mActiveRecord::SchemaMigration Create (0.1ms)[0m  [1m[32mINSERT INTO "schema_migrations" ("version") VALUES (?)[0m  [["version", "20220615203828"]]
  [1m[36mTRANSACTION (11.8ms)[0m  [1m[36mcommit transaction[0m
  [1m[36mActiveRecord::InternalMetadata Load (0.1ms)[0m  [1m[34mSELECT "ar_internal_metadata".* FROM "ar_internal_metadata" WHERE "ar_internal_metadata"."key" = ? LIMIT ?[0m  [["key", "environment"], ["LIMIT", 1]]
  [1m[35m (0.0ms)[0m  [1m[34mSELECT sqlite_version(*)[0m
  [1m[36mActiveRecord::SchemaMigration Pluck (0.1ms)[0m  [1m[34mSELECT "schema_migrations"."version" FROM "schema_migrations" ORDER BY "schema_migrations"."version" ASC[0m
Started GET "/" for ::1 at 2022-06-15 16:00:41 -0500
  [1m[35m (0.3ms)[0m  [1m[34mSELECT sqlite_version(*)[0m
  [1m[36mActiveRecord::SchemaMigration Pluck (0.1ms)[0m  [1m[34mSELECT "schema_migrations"."version" FROM "schema_migrations" ORDER BY "schema_migrations"."version" ASC[0m
Processing by ArticlesController#index as HTML
Completed 500 Internal Server Error in 6ms (ActiveRecord: 0.0ms | Allocations: 3464)


  
ArgumentError (The :dependent option must be one of [:destroy, :delete_all, :nullify, :restrict_with_error, :restrict_with_exception, :destroy_async], but is :destory):
  
app/models/article.rb:3:in `<class:Article>'
app/models/article.rb:1:in `<main>'
app/controllers/articles_controller.rb:5:in `index'
Started GET "/" for ::1 at 2022-06-15 16:01:04 -0500
Processing by ArticlesController#index as HTML
  Rendering layout layouts/application.html.erb
  Rendering articles/index.html.erb within layouts/application
  [1m[35m (0.1ms)[0m  [1m[34mSELECT sqlite_version(*)[0m
  ↳ app/controllers/concerns/visible.rb:12:in `public_count'
  [1m[36mArticle Count (0.1ms)[0m  [1m[34mSELECT COUNT(*) FROM "articles" WHERE "articles"."status" = ?[0m  [["status", "public"]]
  ↳ app/controllers/concerns/visible.rb:12:in `public_count'
  [1m[36mArticle Load (0.1ms)[0m  [1m[34mSELECT "articles".* FROM "articles"[0m
  ↳ app/views/articles/index.html.erb:5
  Rendered articles/index.html.erb within layouts/application (Duration: 8.0ms | Allocations: 7356)
  Rendered layout layouts/application.html.erb (Duration: 105.4ms | Allocations: 42500)
Completed 200 OK in 109ms (Views: 106.5ms | ActiveRecord: 0.9ms | Allocations: 45146)


Started GET "/articles/1" for ::1 at 2022-06-15 16:01:08 -0500
Processing by ArticlesController#show as HTML
  Parameters: {"id"=>"1"}
  [1m[36mArticle Load (0.2ms)[0m  [1m[34mSELECT "articles".* FROM "articles" WHERE "articles"."id" = ? LIMIT ?[0m  [["id", 1], ["LIMIT", 1]]
  ↳ app/controllers/articles_controller.rb:8:in `show'
  Rendering layout layouts/application.html.erb
  Rendering articles/show.html.erb within layouts/application
  [1m[36mComment Load (0.1ms)[0m  [1m[34mSELECT "comments".* FROM "comments" WHERE "comments"."article_id" = ?[0m  [["article_id", 1]]
  ↳ app/views/articles/show.html.erb:14
  Rendered collection of templates [0 times] (Duration: 0.0ms | Allocations: 30)
  Rendered comments/_form.html.erb (Duration: 12.0ms | Allocations: 7180)
  Rendered articles/show.html.erb within layouts/application (Duration: 20.8ms | Allocations: 12716)
  Rendered layout layouts/application.html.erb (Duration: 23.1ms | Allocations: 15030)
Completed 200 OK in 26ms (Views: 22.8ms | ActiveRecord: 0.9ms | Allocations: 17057)


Started GET "/articles/new" for ::1 at 2022-06-15 16:01:13 -0500
Processing by ArticlesController#new as HTML
Filter chain halted as #<Proc:0x00007f583232ed08 /home/fidi1901/.rbenv/versions/3.1.2/lib/ruby/gems/3.1.0/gems/actionpack-7.0.3/lib/action_controller/metal/http_authentication.rb:79> rendered or redirected
Completed 401 Unauthorized in 0ms (ActiveRecord: 0.0ms | Allocations: 127)


Started GET "/articles/new" for ::1 at 2022-06-15 16:01:18 -0500
Processing by ArticlesController#new as HTML
  Rendering layout layouts/application.html.erb
  Rendering articles/new.html.erb within layouts/application
  Rendered articles/_form.html.erb (Duration: 2.4ms | Allocations: 1765)
  Rendered articles/new.html.erb within layouts/application (Duration: 3.1ms | Allocations: 2055)
  Rendered layout layouts/application.html.erb (Duration: 4.8ms | Allocations: 4262)
Completed 200 OK in 6ms (Views: 5.2ms | ActiveRecord: 0.0ms | Allocations: 4707)


Started POST "/articles" for ::1 at 2022-06-15 16:01:34 -0500
Processing by ArticlesController#create as TURBO_STREAM
  Parameters: {"authenticity_token"=>"[FILTERED]", "article"=>{"status"=>"public", "title"=>"Up the Chels!", "body"=>"London is Blue"}, "commit"=>"Create Article"}
Filter chain halted as #<Proc:0x00007f583232ed08 /home/fidi1901/.rbenv/versions/3.1.2/lib/ruby/gems/3.1.0/gems/actionpack-7.0.3/lib/action_controller/metal/http_authentication.rb:79> rendered or redirected
Completed 401 Unauthorized in 1ms (ActiveRecord: 0.0ms | Allocations: 422)


Started POST "/articles" for ::1 at 2022-06-15 16:01:34 -0500
Processing by ArticlesController#create as TURBO_STREAM
  Parameters: {"authenticity_token"=>"[FILTERED]", "article"=>{"status"=>"public", "title"=>"Up the Chels!", "body"=>"London is Blue"}, "commit"=>"Create Article"}
  [1m[36mTRANSACTION (0.1ms)[0m  [1m[36mbegin transaction[0m
  ↳ app/controllers/articles_controller.rb:17:in `create'
  [1m[36mArticle Create (0.2ms)[0m  [1m[32mINSERT INTO "articles" ("title", "body", "created_at", "updated_at", "status") VALUES (?, ?, ?, ?, ?)[0m  [["title", "Up the Chels!"], ["body", "London is Blue"], ["created_at", "2022-06-15 21:01:34.494498"], ["updated_at", "2022-06-15 21:01:34.494498"], ["status", "public"]]
  ↳ app/controllers/articles_controller.rb:17:in `create'
  [1m[36mTRANSACTION (12.7ms)[0m  [1m[36mcommit transaction[0m
  ↳ app/controllers/articles_controller.rb:17:in `create'
Redirected to http://localhost:3000/articles/2
Completed 302 Found in 17ms (ActiveRecord: 13.0ms | Allocations: 3780)


Started GET "/articles/2" for ::1 at 2022-06-15 16:01:34 -0500
Processing by ArticlesController#show as TURBO_STREAM
  Parameters: {"id"=>"2"}
  [1m[36mArticle Load (0.1ms)[0m  [1m[34mSELECT "articles".* FROM "articles" WHERE "articles"."id" = ? LIMIT ?[0m  [["id", 2], ["LIMIT", 1]]
  ↳ app/controllers/articles_controller.rb:8:in `show'
  Rendering layout layouts/application.html.erb
  Rendering articles/show.html.erb within layouts/application
  [1m[36mComment Load (0.0ms)[0m  [1m[34mSELECT "comments".* FROM "comments" WHERE "comments"."article_id" = ?[0m  [["article_id", 2]]
  ↳ app/views/articles/show.html.erb:14
  Rendered collection of templates [0 times] (Duration: 0.0ms | Allocations: 16)
  Rendered comments/_form.html.erb (Duration: 2.0ms | Allocations: 1461)
  Rendered articles/show.html.erb within layouts/application (Duration: 3.7ms | Allocations: 2533)
  Rendered layout layouts/application.html.erb (Duration: 5.7ms | Allocations: 4827)
Completed 200 OK in 7ms (Views: 6.0ms | ActiveRecord: 0.1ms | Allocations: 5691)


Started POST "/articles/2/comments" for ::1 at 2022-06-15 16:01:57 -0500
Processing by CommentsController#create as TURBO_STREAM
  Parameters: {"authenticity_token"=>"[FILTERED]", "comment"=>{"status"=>"public", "commenter"=>"Cityzen123", "body"=>"No way, Man City on Top!"}, "commit"=>"Create Comment", "article_id"=>"2"}
  [1m[36mArticle Load (0.1ms)[0m  [1m[34mSELECT "articles".* FROM "articles" WHERE "articles"."id" = ? LIMIT ?[0m  [["id", 2], ["LIMIT", 1]]
  ↳ app/controllers/comments_controller.rb:5:in `create'
  [1m[36mTRANSACTION (0.0ms)[0m  [1m[36mbegin transaction[0m
  ↳ app/controllers/comments_controller.rb:6:in `create'
  [1m[36mComment Create (0.2ms)[0m  [1m[32mINSERT INTO "comments" ("commenter", "body", "article_id", "created_at", "updated_at", "status") VALUES (?, ?, ?, ?, ?, ?)[0m  [["commenter", "Cityzen123"], ["body", "No way, Man City on Top!"], ["article_id", 2], ["created_at", "2022-06-15 21:01:57.074011"], ["updated_at", "2022-06-15 21:01:57.074011"], ["status", "public"]]
  ↳ app/controllers/comments_controller.rb:6:in `create'
  [1m[36mTRANSACTION (12.6ms)[0m  [1m[36mcommit transaction[0m
  ↳ app/controllers/comments_controller.rb:6:in `create'
Redirected to http://localhost:3000/articles/2
Completed 302 Found in 17ms (ActiveRecord: 12.9ms | Allocations: 3771)


Started GET "/articles/2" for ::1 at 2022-06-15 16:01:57 -0500
Processing by ArticlesController#show as TURBO_STREAM
  Parameters: {"id"=>"2"}
  [1m[36mArticle Load (0.1ms)[0m  [1m[34mSELECT "articles".* FROM "articles" WHERE "articles"."id" = ? LIMIT ?[0m  [["id", 2], ["LIMIT", 1]]
  ↳ app/controllers/articles_controller.rb:8:in `show'
  Rendering layout layouts/application.html.erb
  Rendering articles/show.html.erb within layouts/application
  [1m[36mComment Load (0.1ms)[0m  [1m[34mSELECT "comments".* FROM "comments" WHERE "comments"."article_id" = ?[0m  [["article_id", 2]]
  ↳ app/views/articles/show.html.erb:14
  Rendered collection of comments/_comment.html.erb [1 times] (Duration: 0.9ms | Allocations: 467)
  Rendered comments/_form.html.erb (Duration: 1.6ms | Allocations: 1436)
  Rendered articles/show.html.erb within layouts/application (Duration: 4.6ms | Allocations: 3068)
  Rendered layout layouts/application.html.erb (Duration: 6.4ms | Allocations: 5361)
Completed 200 OK in 8ms (Views: 6.7ms | ActiveRecord: 0.2ms | Allocations: 6159)


Started GET "/articles/new" for ::1 at 2022-06-15 16:02:03 -0500
Processing by ArticlesController#new as HTML
  Rendering layout layouts/application.html.erb
  Rendering articles/new.html.erb within layouts/application
  Rendered articles/_form.html.erb (Duration: 1.3ms | Allocations: 1273)
  Rendered articles/new.html.erb within layouts/application (Duration: 1.5ms | Allocations: 1354)
  Rendered layout layouts/application.html.erb (Duration: 3.3ms | Allocations: 3560)
Completed 200 OK in 4ms (Views: 3.7ms | ActiveRecord: 0.0ms | Allocations: 3866)


Started GET "/" for ::1 at 2022-06-15 16:02:13 -0500
Processing by ArticlesController#index as HTML
  Rendering layout layouts/application.html.erb
  Rendering articles/index.html.erb within layouts/application
  [1m[36mArticle Count (0.2ms)[0m  [1m[34mSELECT COUNT(*) FROM "articles" WHERE "articles"."status" = ?[0m  [["status", "public"]]
  ↳ app/controllers/concerns/visible.rb:12:in `public_count'
  [1m[36mArticle Load (0.0ms)[0m  [1m[34mSELECT "articles".* FROM "articles"[0m
  ↳ app/views/articles/index.html.erb:5
  Rendered articles/index.html.erb within layouts/application (Duration: 1.7ms | Allocations: 1324)
  Rendered layout layouts/application.html.erb (Duration: 3.6ms | Allocations: 3693)
Completed 200 OK in 4ms (Views: 3.7ms | ActiveRecord: 0.2ms | Allocations: 3972)


Started GET "/articles/2" for ::1 at 2022-06-15 16:02:19 -0500
Processing by ArticlesController#show as HTML
  Parameters: {"id"=>"2"}
  [1m[36mArticle Load (0.1ms)[0m  [1m[34mSELECT "articles".* FROM "articles" WHERE "articles"."id" = ? LIMIT ?[0m  [["id", 2], ["LIMIT", 1]]
  ↳ app/controllers/articles_controller.rb:8:in `show'
  Rendering layout layouts/application.html.erb
  Rendering articles/show.html.erb within layouts/application
  [1m[36mComment Load (0.1ms)[0m  [1m[34mSELECT "comments".* FROM "comments" WHERE "comments"."article_id" = ?[0m  [["article_id", 2]]
  ↳ app/views/articles/show.html.erb:14
  Rendered collection of comments/_comment.html.erb [1 times] (Duration: 0.2ms | Allocations: 185)
  Rendered comments/_form.html.erb (Duration: 1.4ms | Allocations: 1359)
  Rendered articles/show.html.erb within layouts/application (Duration: 3.0ms | Allocations: 2517)
  Rendered layout layouts/application.html.erb (Duration: 5.0ms | Allocations: 4714)
Completed 200 OK in 6ms (Views: 5.4ms | ActiveRecord: 0.1ms | Allocations: 5468)


Started DELETE "/articles/2/comments/1" for ::1 at 2022-06-15 16:02:22 -0500
Processing by CommentsController#destroy as TURBO_STREAM
  Parameters: {"article_id"=>"2", "id"=>"1"}
  [1m[36mArticle Load (0.1ms)[0m  [1m[34mSELECT "articles".* FROM "articles" WHERE "articles"."id" = ? LIMIT ?[0m  [["id", 2], ["LIMIT", 1]]
  ↳ app/controllers/comments_controller.rb:10:in `destroy'
  [1m[36mComment Load (0.1ms)[0m  [1m[34mSELECT "comments".* FROM "comments" WHERE "comments"."article_id" = ? AND "comments"."id" = ? LIMIT ?[0m  [["article_id", 2], ["id", 1], ["LIMIT", 1]]
  ↳ app/controllers/comments_controller.rb:11:in `destroy'
  [1m[36mTRANSACTION (0.0ms)[0m  [1m[36mbegin transaction[0m
  ↳ app/controllers/comments_controller.rb:12:in `destroy'
  [1m[36mComment Destroy (0.2ms)[0m  [1m[31mDELETE FROM "comments" WHERE "comments"."id" = ?[0m  [["id", 1]]
  ↳ app/controllers/comments_controller.rb:12:in `destroy'
  [1m[36mTRANSACTION (12.9ms)[0m  [1m[36mcommit transaction[0m
  ↳ app/controllers/comments_controller.rb:12:in `destroy'
Redirected to http://localhost:3000/articles/2
Completed 303 See Other in 18ms (ActiveRecord: 13.4ms | Allocations: 3302)


Started GET "/articles/2" for ::1 at 2022-06-15 16:02:22 -0500
Processing by ArticlesController#show as TURBO_STREAM
  Parameters: {"id"=>"2"}
  [1m[36mArticle Load (0.1ms)[0m  [1m[34mSELECT "articles".* FROM "articles" WHERE "articles"."id" = ? LIMIT ?[0m  [["id", 2], ["LIMIT", 1]]
  ↳ app/controllers/articles_controller.rb:8:in `show'
  Rendering layout layouts/application.html.erb
  Rendering articles/show.html.erb within layouts/application
  [1m[36mComment Load (0.1ms)[0m  [1m[34mSELECT "comments".* FROM "comments" WHERE "comments"."article_id" = ?[0m  [["article_id", 2]]
  ↳ app/views/articles/show.html.erb:14
  Rendered collection of templates [0 times] (Duration: 0.0ms | Allocations: 14)
  Rendered comments/_form.html.erb (Duration: 1.3ms | Allocations: 1366)
  Rendered articles/show.html.erb within layouts/application (Duration: 2.9ms | Allocations: 2309)
  Rendered layout layouts/application.html.erb (Duration: 4.6ms | Allocations: 4513)
Completed 200 OK in 6ms (Views: 5.0ms | ActiveRecord: 0.1ms | Allocations: 5270)


Started DELETE "/articles/2" for ::1 at 2022-06-15 16:02:24 -0500
Processing by ArticlesController#destroy as TURBO_STREAM
  Parameters: {"id"=>"2"}
  [1m[36mArticle Load (0.1ms)[0m  [1m[34mSELECT "articles".* FROM "articles" WHERE "articles"."id" = ? LIMIT ?[0m  [["id", 2], ["LIMIT", 1]]
  ↳ app/controllers/articles_controller.rb:38:in `destroy'
  [1m[36mTRANSACTION (0.0ms)[0m  [1m[36mbegin transaction[0m
  ↳ app/controllers/articles_controller.rb:39:in `destroy'
  [1m[36mComment Load (0.0ms)[0m  [1m[34mSELECT "comments".* FROM "comments" WHERE "comments"."article_id" = ?[0m  [["article_id", 2]]
  ↳ app/controllers/articles_controller.rb:39:in `destroy'
  [1m[36mArticle Destroy (0.2ms)[0m  [1m[31mDELETE FROM "articles" WHERE "articles"."id" = ?[0m  [["id", 2]]
  ↳ app/controllers/articles_controller.rb:39:in `destroy'
  [1m[36mTRANSACTION (13.2ms)[0m  [1m[36mcommit transaction[0m
  ↳ app/controllers/articles_controller.rb:39:in `destroy'
Redirected to http://localhost:3000/
Completed 303 See Other in 17ms (ActiveRecord: 13.5ms | Allocations: 3195)


Started GET "/" for ::1 at 2022-06-15 16:02:24 -0500
Processing by ArticlesController#index as TURBO_STREAM
  Rendering layout layouts/application.html.erb
  Rendering articles/index.html.erb within layouts/application
  [1m[36mArticle Count (0.1ms)[0m  [1m[34mSELECT COUNT(*) FROM "articles" WHERE "articles"."status" = ?[0m  [["status", "public"]]
  ↳ app/controllers/concerns/visible.rb:12:in `public_count'
  [1m[36mArticle Load (0.1ms)[0m  [1m[34mSELECT "articles".* FROM "articles"[0m
  ↳ app/views/articles/index.html.erb:5
  Rendered articles/index.html.erb within layouts/application (Duration: 2.2ms | Allocations: 1241)
  Rendered layout layouts/application.html.erb (Duration: 4.4ms | Allocations: 3611)
Completed 200 OK in 5ms (Views: 4.6ms | ActiveRecord: 0.2ms | Allocations: 3895)


